#-----------------------------------------------------------
# Vivado v2022.2 (64-bit)
# SW Build 3671981 on Fri Oct 14 04:59:54 MDT 2022
# IP Build 3669848 on Fri Oct 14 08:30:02 MDT 2022
# Start of session at: Tue Nov 14 09:44:51 2023
# Process ID: 6742
# Current directory: /home/fede/finalProject_EFES/basys3FPGA
# Command line: vivado
# Log file: /home/fede/finalProject_EFES/basys3FPGA/vivado.log
# Journal file: /home/fede/finalProject_EFES/basys3FPGA/vivado.jou
# Running On: fede-Lenovo-V330-15IKB, OS: Linux, CPU Frequency: 2999.225 MHz, CPU Physical cores: 4, Host memory: 11836 MB
#-----------------------------------------------------------
start_gui
open_project /home/fede/efes_finalProj/basys3_FPGA/UART_efes/UART_efes.xpr
WARNING: [Board 49-26] cannot add Board Part trenz.biz:te0841_35_1c:part0:1.0 available at /home/fede/.Xilinx/Vivado/2020.2/xhub/board_store/xilinx_board_store/XilinxBoardStore/Vivado/2020.2/boards/Trenz_Electronic/TE0841_35_1C/1.0/1.0/board.xml as part xcku035-sfva784-1-c specified in board_part file is either invalid or not available
WARNING: [Board 49-26] cannot add Board Part trenz.biz:te0841_35_1c:part0:2.0 available at /home/fede/.Xilinx/Vivado/2020.2/xhub/board_store/xilinx_board_store/XilinxBoardStore/Vivado/2020.2/boards/Trenz_Electronic/TE0841_35_1C/2.0/2.0/board.xml as part xcku035-sfva784-1-c specified in board_part file is either invalid or not available
WARNING: [Board 49-26] cannot add Board Part trenz.biz:te0841_35_1i:part0:1.0 available at /home/fede/.Xilinx/Vivado/2020.2/xhub/board_store/xilinx_board_store/XilinxBoardStore/Vivado/2020.2/boards/Trenz_Electronic/TE0841_35_1I/1.0/1.0/board.xml as part xcku035-sfva784-1-i specified in board_part file is either invalid or not available
WARNING: [Board 49-26] cannot add Board Part trenz.biz:te0841_35_1i:part0:2.0 available at /home/fede/.Xilinx/Vivado/2020.2/xhub/board_store/xilinx_board_store/XilinxBoardStore/Vivado/2020.2/boards/Trenz_Electronic/TE0841_35_1I/2.0/2.0/board.xml as part xcku035-sfva784-1-i specified in board_part file is either invalid or not available
WARNING: [Board 49-26] cannot add Board Part trenz.biz:te0841_35_2i:part0:1.0 available at /home/fede/.Xilinx/Vivado/2020.2/xhub/board_store/xilinx_board_store/XilinxBoardStore/Vivado/2020.2/boards/Trenz_Electronic/TE0841_35_2I/1.0/1.0/board.xml as part xcku035-sfva784-2-i specified in board_part file is either invalid or not available
WARNING: [Board 49-26] cannot add Board Part trenz.biz:te0841_35_2i:part0:2.0 available at /home/fede/.Xilinx/Vivado/2020.2/xhub/board_store/xilinx_board_store/XilinxBoardStore/Vivado/2020.2/boards/Trenz_Electronic/TE0841_35_2I/2.0/2.0/board.xml as part xcku035-sfva784-2-i specified in board_part file is either invalid or not available
WARNING: [Board 49-26] cannot add Board Part trenz.biz:te0841_40_1c:part0:1.0 available at /home/fede/.Xilinx/Vivado/2020.2/xhub/board_store/xilinx_board_store/XilinxBoardStore/Vivado/2020.2/boards/Trenz_Electronic/TE0841_40_1C/1.0/1.0/board.xml as part xcku040-sfva784-1-c specified in board_part file is either invalid or not available
WARNING: [Board 49-26] cannot add Board Part trenz.biz:te0841_40_1c:part0:2.0 available at /home/fede/.Xilinx/Vivado/2020.2/xhub/board_store/xilinx_board_store/XilinxBoardStore/Vivado/2020.2/boards/Trenz_Electronic/TE0841_40_1C/2.0/2.0/board.xml as part xcku040-sfva784-1-c specified in board_part file is either invalid or not available
WARNING: [Board 49-26] cannot add Board Part trenz.biz:te0841_40_1i:part0:1.0 available at /home/fede/.Xilinx/Vivado/2020.2/xhub/board_store/xilinx_board_store/XilinxBoardStore/Vivado/2020.2/boards/Trenz_Electronic/TE0841_40_1I/1.0/1.0/board.xml as part xcku040-sfva784-1-i specified in board_part file is either invalid or not available
WARNING: [Board 49-26] cannot add Board Part trenz.biz:te0841_40_1i:part0:2.0 available at /home/fede/.Xilinx/Vivado/2020.2/xhub/board_store/xilinx_board_store/XilinxBoardStore/Vivado/2020.2/boards/Trenz_Electronic/TE0841_40_1I/2.0/2.0/board.xml as part xcku040-sfva784-1-i specified in board_part file is either invalid or not available
WARNING: [Board 49-26] cannot add Board Part xilinx.com:au200:part0:1.2 available at /home/fede/.Xilinx/Vivado/2020.2/xhub/board_store/xilinx_board_store/XilinxBoardStore/Vivado/2020.2/boards/Xilinx/au200/1.2/1.2/board.xml as part xcu200-fsgd2104-2-e specified in board_part file is either invalid or not available
WARNING: [Board 49-26] cannot add Board Part xilinx.com:au200:part0:1.3 available at /home/fede/.Xilinx/Vivado/2020.2/xhub/board_store/xilinx_board_store/XilinxBoardStore/Vivado/2020.2/boards/Xilinx/au200/1.3/1.3/board.xml as part xcu200-fsgd2104-2-e specified in board_part file is either invalid or not available
WARNING: [Board 49-26] cannot add Board Part xilinx.com:au250:part0:1.2 available at /home/fede/.Xilinx/Vivado/2020.2/xhub/board_store/xilinx_board_store/XilinxBoardStore/Vivado/2020.2/boards/Xilinx/au250/1.2/1.2/board.xml as part xcu250-figd2104-2l-e specified in board_part file is either invalid or not available
WARNING: [Board 49-26] cannot add Board Part xilinx.com:au250:part0:1.3 available at /home/fede/.Xilinx/Vivado/2020.2/xhub/board_store/xilinx_board_store/XilinxBoardStore/Vivado/2020.2/boards/Xilinx/au250/1.3/1.3/board.xml as part xcu250-figd2104-2l-e specified in board_part file is either invalid or not available
WARNING: [Board 49-26] cannot add Board Part xilinx.com:au280:part0:1.0 available at /home/fede/.Xilinx/Vivado/2020.2/xhub/board_store/xilinx_board_store/XilinxBoardStore/Vivado/2020.2/boards/Xilinx/au280/production/1.0/1.0/board.xml as part xcu280-fsvh2892-2l-e specified in board_part file is either invalid or not available
WARNING: [Board 49-26] cannot add Board Part xilinx.com:au280:part0:1.1 available at /home/fede/.Xilinx/Vivado/2020.2/xhub/board_store/xilinx_board_store/XilinxBoardStore/Vivado/2020.2/boards/Xilinx/au280/production/1.1/1.1/board.xml as part xcu280-fsvh2892-2l-e specified in board_part file is either invalid or not available
WARNING: [Board 49-26] cannot add Board Part xilinx.com:au280_es1:part0:1.0 available at /home/fede/.Xilinx/Vivado/2020.2/xhub/board_store/xilinx_board_store/XilinxBoardStore/Vivado/2020.2/boards/Xilinx/au280/es1/1.0/1.0/board.xml as part xcu280-fsvh2892-2l-e-es1 specified in board_part file is either invalid or not available
WARNING: [Board 49-26] cannot add Board Part xilinx.com:au280_es1:part0:1.1 available at /home/fede/.Xilinx/Vivado/2020.2/xhub/board_store/xilinx_board_store/XilinxBoardStore/Vivado/2020.2/boards/Xilinx/au280/es1/1.1/1.1/board.xml as part xcu280-fsvh2892-2l-e-es1 specified in board_part file is either invalid or not available
WARNING: [Board 49-26] cannot add Board Part xilinx.com:kcu105:part0:1.6 available at /home/fede/.Xilinx/Vivado/2020.2/xhub/board_store/xilinx_board_store/XilinxBoardStore/Vivado/2020.2/boards/Xilinx/kcu105/1.6/1.6/board.xml as part xcku040-ffva1156-2-e specified in board_part file is either invalid or not available
WARNING: [Board 49-26] cannot add Board Part xilinx.com:kcu105:part0:1.7 available at /home/fede/.Xilinx/Vivado/2020.2/xhub/board_store/xilinx_board_store/XilinxBoardStore/Vivado/2020.2/boards/Xilinx/kcu105/1.7/1.7/board.xml as part xcku040-ffva1156-2-e specified in board_part file is either invalid or not available
WARNING: [Board 49-26] cannot add Board Part xilinx.com:kcu116:part0:1.4 available at /home/fede/.Xilinx/Vivado/2020.2/xhub/board_store/xilinx_board_store/XilinxBoardStore/Vivado/2020.2/boards/Xilinx/kcu116/1.4/1.4/board.xml as part xcku5p-ffvb676-2-e specified in board_part file is either invalid or not available
WARNING: [Board 49-26] cannot add Board Part xilinx.com:kcu116:part0:1.5 available at /home/fede/.Xilinx/Vivado/2020.2/xhub/board_store/xilinx_board_store/XilinxBoardStore/Vivado/2020.2/boards/Xilinx/kcu116/1.5/1.5/board.xml as part xcku5p-ffvb676-2-e specified in board_part file is either invalid or not available
WARNING: [Board 49-26] cannot add Board Part xilinx.com:kcu1500:part0:1.2 available at /home/fede/.Xilinx/Vivado/2020.2/xhub/board_store/xilinx_board_store/XilinxBoardStore/Vivado/2020.2/boards/Xilinx/kcu1500/1.2/1.2/board.xml as part xcku115-flvb2104-2-e specified in board_part file is either invalid or not available
WARNING: [Board 49-26] cannot add Board Part xilinx.com:vck190:part0:2.0 available at /home/fede/.Xilinx/Vivado/2020.2/xhub/board_store/xilinx_board_store/XilinxBoardStore/Vivado/2020.2/boards/Xilinx/vck190/production/2.0/2.0/board.xml as part xcvc1902-vsva2197-2mp-e-s specified in board_part file is either invalid or not available
WARNING: [Board 49-26] cannot add Board Part xilinx.com:vck190:part0:2.2 available at /tools/Xilinx/Vivado/2022.2/data/xhub/boards/XilinxBoardStore/boards/Xilinx/vck190/production/2.2/board.xml as part xcvc1902-vsva2197-2mp-e-s specified in board_part file is either invalid or not available
WARNING: [Board 49-26] cannot add Board Part xilinx.com:vck190:part0:3.0 available at /tools/Xilinx/Vivado/2022.2/data/xhub/boards/XilinxBoardStore/boards/Xilinx/vck190/production/3.0/board.xml as part xcvc1902-vsva2197-2mp-e-s specified in board_part file is either invalid or not available
WARNING: [Board 49-26] cannot add Board Part xilinx.com:vck190:part0:3.1 available at /tools/Xilinx/Vivado/2022.2/data/xhub/boards/XilinxBoardStore/boards/Xilinx/vck190/production/3.1/board.xml as part xcvc1902-vsva2197-2mp-e-s specified in board_part file is either invalid or not available
WARNING: [Board 49-26] cannot add Board Part xilinx.com:vck190_es:part0:1.1 available at /home/fede/.Xilinx/Vivado/2020.2/xhub/board_store/xilinx_board_store/XilinxBoardStore/Vivado/2020.2/boards/Xilinx/vck190/es/1.1/1.1/board.xml as part xcvc1902-vsva2197-2mp-e-s-es1 specified in board_part file is either invalid or not available
WARNING: [Board 49-26] cannot add Board Part xilinx.com:vck190_newl:part0:1.0 available at /tools/Xilinx/Vivado/2022.2/data/xhub/boards/XilinxBoardStore/boards/Xilinx/vck190_newl/production/1.0/board.xml as part xcvc1902-vsva2197-2mp-e-s specified in board_part file is either invalid or not available
WARNING: [Board 49-26] cannot add Board Part xilinx.com:vcu108:part0:1.6 available at /home/fede/.Xilinx/Vivado/2020.2/xhub/board_store/xilinx_board_store/XilinxBoardStore/Vivado/2020.2/boards/Xilinx/vcu108/1.6/1.6/board.xml as part xcvu095-ffva2104-2-e specified in board_part file is either invalid or not available
WARNING: [Board 49-26] cannot add Board Part xilinx.com:vcu108:part0:1.7 available at /home/fede/.Xilinx/Vivado/2020.2/xhub/board_store/xilinx_board_store/XilinxBoardStore/Vivado/2020.2/boards/Xilinx/vcu108/1.7/1.7/board.xml as part xcvu095-ffva2104-2-e specified in board_part file is either invalid or not available
WARNING: [Board 49-26] cannot add Board Part xilinx.com:vcu110:part0:1.4 available at /home/fede/.Xilinx/Vivado/2020.2/xhub/board_store/xilinx_board_store/XilinxBoardStore/Vivado/2020.2/boards/Xilinx/vcu110/1.4/1.4/board.xml as part xcvu190-flgc2104-2-e specified in board_part file is either invalid or not available
WARNING: [Board 49-26] cannot add Board Part xilinx.com:vcu118:part0:2.0 available at /home/fede/.Xilinx/Vivado/2020.2/xhub/board_store/xilinx_board_store/XilinxBoardStore/Vivado/2020.2/boards/Xilinx/vcu118/2.0/2.0/board.xml as part xcvu9p-flga2104-2l-e specified in board_part file is either invalid or not available
WARNING: [Board 49-26] cannot add Board Part xilinx.com:vcu118:part0:2.3 available at /home/fede/.Xilinx/Vivado/2020.2/xhub/board_store/xilinx_board_store/XilinxBoardStore/Vivado/2020.2/boards/Xilinx/vcu118/2.3/2.3/board.xml as part xcvu9p-flga2104-2l-e specified in board_part file is either invalid or not available
WARNING: [Board 49-26] cannot add Board Part xilinx.com:vcu118:part0:2.4 available at /home/fede/.Xilinx/Vivado/2020.2/xhub/board_store/xilinx_board_store/XilinxBoardStore/Vivado/2020.2/boards/Xilinx/vcu118/2.4/2.4/board.xml as part xcvu9p-flga2104-2l-e specified in board_part file is either invalid or not available
WARNING: [Board 49-26] cannot add Board Part xilinx.com:vcu128:part0:1.0 available at /home/fede/.Xilinx/Vivado/2020.2/xhub/board_store/xilinx_board_store/XilinxBoardStore/Vivado/2020.2/boards/Xilinx/vcu128/production/1.0/1.0/board.xml as part xcvu37p-fsvh2892-2l-e specified in board_part file is either invalid or not available
WARNING: [Board 49-26] cannot add Board Part xilinx.com:vcu129:part0:1.0 available at /home/fede/.Xilinx/Vivado/2020.2/xhub/board_store/xilinx_board_store/XilinxBoardStore/Vivado/2020.2/boards/Xilinx/vcu129/production/1.0/1.0/board.xml as part xcvu29p-fsga2577-2l-e specified in board_part file is either invalid or not available
WARNING: [Board 49-26] cannot add Board Part xilinx.com:vcu129_es:part0:1.0 available at /home/fede/.Xilinx/Vivado/2020.2/xhub/board_store/xilinx_board_store/XilinxBoardStore/Vivado/2020.2/boards/Xilinx/vcu129/es/1.0/1.0/board.xml as part xcvu29p-fsga2577-2l-e-es1 specified in board_part file is either invalid or not available
WARNING: [Board 49-26] cannot add Board Part xilinx.com:vcu1525:part0:1.3 available at /home/fede/.Xilinx/Vivado/2020.2/xhub/board_store/xilinx_board_store/XilinxBoardStore/Vivado/2020.2/boards/Xilinx/vcu1525/1.3/1.3/board.xml as part xcvu9p-fsgd2104-2l-e specified in board_part file is either invalid or not available
WARNING: [Board 49-26] cannot add Board Part xilinx.com:vek280_es:part0:1.0 available at /tools/Xilinx/Vivado/2022.2/data/xhub/boards/XilinxBoardStore/boards/Xilinx/vek280/es/1.0/board.xml as part xcve2802-vsvh1760-2lp-e-s-es1 specified in board_part file is either invalid or not available
WARNING: [Board 49-26] cannot add Board Part xilinx.com:vhk158_es:part0:1.0 available at /tools/Xilinx/Vivado/2022.2/data/xhub/boards/XilinxBoardStore/boards/Xilinx/vhk158/es/1.0/board.xml as part xcvh1582-vsva3697-2mp-e-s-es1 specified in board_part file is either invalid or not available
WARNING: [Board 49-26] cannot add Board Part xilinx.com:vmk180:part0:2.0 available at /home/fede/.Xilinx/Vivado/2020.2/xhub/board_store/xilinx_board_store/XilinxBoardStore/Vivado/2020.2/boards/Xilinx/vmk180/production/2.0/2.0/board.xml as part xcvm1802-vsva2197-2mp-e-s specified in board_part file is either invalid or not available
WARNING: [Board 49-26] cannot add Board Part xilinx.com:vmk180:part0:2.2 available at /tools/Xilinx/Vivado/2022.2/data/xhub/boards/XilinxBoardStore/boards/Xilinx/vmk180/production/2.2/board.xml as part xcvm1802-vsva2197-2mp-e-s specified in board_part file is either invalid or not available
WARNING: [Board 49-26] cannot add Board Part xilinx.com:vmk180:part0:3.0 available at /tools/Xilinx/Vivado/2022.2/data/xhub/boards/XilinxBoardStore/boards/Xilinx/vmk180/production/3.0/board.xml as part xcvm1802-vsva2197-2mp-e-s specified in board_part file is either invalid or not available
WARNING: [Board 49-26] cannot add Board Part xilinx.com:vmk180:part0:3.1 available at /tools/Xilinx/Vivado/2022.2/data/xhub/boards/XilinxBoardStore/boards/Xilinx/vmk180/production/3.1/board.xml as part xcvm1802-vsva2197-2mp-e-s specified in board_part file is either invalid or not available
WARNING: [Board 49-26] cannot add Board Part xilinx.com:vmk180_es:part0:1.1 available at /home/fede/.Xilinx/Vivado/2020.2/xhub/board_store/xilinx_board_store/XilinxBoardStore/Vivado/2020.2/boards/Xilinx/vmk180/es/1.1/1.1/board.xml as part xcvm1802-vsva2197-2mp-e-s-es1 specified in board_part file is either invalid or not available
WARNING: [Board 49-26] cannot add Board Part xilinx.com:vmk180_newl:part0:1.0 available at /tools/Xilinx/Vivado/2022.2/data/xhub/boards/XilinxBoardStore/boards/Xilinx/vmk180_newl/production/1.0/board.xml as part xcvm1802-vsva2197-2mp-e-s specified in board_part file is either invalid or not available
WARNING: [Board 49-26] cannot add Board Part xilinx.com:vpk120:part0:1.0 available at /tools/Xilinx/Vivado/2022.2/data/xhub/boards/XilinxBoardStore/boards/Xilinx/vpk120/production/1.0/board.xml as part xcvp1202-vsva2785-2mp-e-s specified in board_part file is either invalid or not available
WARNING: [Board 49-26] cannot add Board Part xilinx.com:vpk120_es:part0:1.2 available at /tools/Xilinx/Vivado/2022.2/data/xhub/boards/XilinxBoardStore/boards/Xilinx/vpk120/es/1.2/board.xml as part xcvp1202-vsva2785-2mp-e-s-es1 specified in board_part file is either invalid or not available
WARNING: [Board 49-26] cannot add Board Part xilinx.com:vpk120_es_revb:part0:1.0 available at /tools/Xilinx/Vivado/2022.2/data/xhub/boards/XilinxBoardStore/boards/Xilinx/vpk120_revb/es/1.0/board.xml as part xcvp1202-vsva2785-2mp-e-s-es1 specified in board_part file is either invalid or not available
WARNING: [Board 49-26] cannot add Board Part xilinx.com:vpk180_es:part0:1.0 available at /tools/Xilinx/Vivado/2022.2/data/xhub/boards/XilinxBoardStore/boards/Xilinx/vpk180/es/1.0/board.xml as part xcvp1802-lsvc4072-2mp-e-s-es1 specified in board_part file is either invalid or not available
WARNING: [Board 49-26] cannot add Board Part xilinx.com:zcu208_es:part0:1.0 available at /home/fede/.Xilinx/Vivado/2020.2/xhub/board_store/xilinx_board_store/XilinxBoardStore/Vivado/2020.2/boards/Xilinx/zcu208/es/1.0/1.0/board.xml as part xczu48dr-fsvg1517-2-e-es1 specified in board_part file is either invalid or not available
WARNING: [Board 49-26] cannot add Board Part xilinx.com:zcu208_es:part0:1.1 available at /home/fede/.Xilinx/Vivado/2020.2/xhub/board_store/xilinx_board_store/XilinxBoardStore/Vivado/2020.2/boards/Xilinx/zcu208/es/1.1/1.1/board.xml as part xczu48dr-fsvg1517-2-e-es1 specified in board_part file is either invalid or not available
WARNING: [Board 49-26] cannot add Board Part xilinx.com:zcu208_es:part0:1.2 available at /home/fede/.Xilinx/Vivado/2020.2/xhub/board_store/xilinx_board_store/XilinxBoardStore/Vivado/2020.2/boards/Xilinx/zcu208/es/1.2/1.2/board.xml as part xczu48dr-fsvg1517-2-e-es1 specified in board_part file is either invalid or not available
WARNING: [Board 49-26] cannot add Board Part xilinx.com:zcu208ld:part0:2.0 available at /tools/Xilinx/Vivado/2022.2/data/xhub/boards/XilinxBoardStore/boards/Xilinx/zcu208ld/production/2.0/board.xml as part xczu58dr-fsvg1517-2-i specified in board_part file is either invalid or not available
WARNING: [Board 49-26] cannot add Board Part xilinx.com:zcu208ld_es:part0:1.0 available at /home/fede/.Xilinx/Vivado/2020.2/xhub/board_store/xilinx_board_store/XilinxBoardStore/Vivado/2020.2/boards/Xilinx/zcu208ld/es/1.0/1.0/board.xml as part xczu58dr-fsvg1517-2-i-es1 specified in board_part file is either invalid or not available
WARNING: [Board 49-26] cannot add Board Part xilinx.com:zcu216_es:part0:1.0 available at /home/fede/.Xilinx/Vivado/2020.2/xhub/board_store/xilinx_board_store/XilinxBoardStore/Vivado/2020.2/boards/Xilinx/zcu216/es/1.0/1.0/board.xml as part xczu49dr-ffvf1760-2-e-es1 specified in board_part file is either invalid or not available
WARNING: [Board 49-26] cannot add Board Part xilinx.com:zcu216_es:part0:1.1 available at /home/fede/.Xilinx/Vivado/2020.2/xhub/board_store/xilinx_board_store/XilinxBoardStore/Vivado/2020.2/boards/Xilinx/zcu216/es/1.1/1.1/board.xml as part xczu49dr-ffvf1760-2-e-es1 specified in board_part file is either invalid or not available
WARNING: [Board 49-26] cannot add Board Part xilinx.com:zcu216_es:part0:1.2 available at /home/fede/.Xilinx/Vivado/2020.2/xhub/board_store/xilinx_board_store/XilinxBoardStore/Vivado/2020.2/boards/Xilinx/zcu216/es/1.2/1.2/board.xml as part xczu49dr-ffvf1760-2-e-es1 specified in board_part file is either invalid or not available
WARNING: [Board 49-26] cannot add Board Part xilinx.com:zcu216ld:part0:2.0 available at /tools/Xilinx/Vivado/2022.2/data/xhub/boards/XilinxBoardStore/boards/Xilinx/zcu216ld/production/2.0/board.xml as part xczu59dr-ffvf1760-2-i specified in board_part file is either invalid or not available
WARNING: [Board 49-26] cannot add Board Part xilinx.com:zcu216ld_es:part0:1.0 available at /home/fede/.Xilinx/Vivado/2020.2/xhub/board_store/xilinx_board_store/XilinxBoardStore/Vivado/2020.2/boards/Xilinx/zcu216ld/es/1.0/1.0/board.xml as part xczu59dr-ffvf1760-2-i-es1 specified in board_part file is either invalid or not available
WARNING: [Board 49-26] cannot add Board Part xilinx.com:zcu670:part0:2.0 available at /tools/Xilinx/Vivado/2022.2/data/xhub/boards/XilinxBoardStore/boards/Xilinx/zcu670/2.0/board.xml as part xczu67dr-fsve1156-2-i specified in board_part file is either invalid or not available
WARNING: [Board 49-26] cannot add Board Part xilinx.com:zcu670ld:part0:1.0 available at /tools/Xilinx/Vivado/2022.2/data/xhub/boards/XilinxBoardStore/boards/Xilinx/zcu670ld/1.0/board.xml as part xczu57dr-fsve1156-2-i specified in board_part file is either invalid or not available
INFO: [filemgmt 56-3] Default IP Output Path : Could not find the directory '/home/fede/efes_finalProj/basys3_FPGA/UART_efes/UART_efes.gen/sources_1'.
Scanning sources...
Finished scanning sources
WARNING: [Board 49-151] The current board 'digilentinc.com::basys3:1.1' is from a local repo. The vivado install has a corresponding board with version greater than or equal to the local repo board. Please use boards from vivado install to avoid any upgrade/migrate issues
INFO: [IP_Flow 19-234] Refreshing IP repositories
INFO: [IP_Flow 19-1704] No user IP repositories specified
INFO: [IP_Flow 19-2313] Loaded Vivado IP repository '/tools/Xilinx/Vivado/2022.2/data/ip'.
open_project: Time (s): cpu = 00:00:47 ; elapsed = 00:00:28 . Memory (MB): peak = 7132.879 ; gain = 805.938 ; free physical = 223 ; free virtual = 7382
update_compile_order -fileset sources_1
save_project_as project_EFES /home/fede/finalProject_EFES/basys3FPGA/project_EFES -force
